I, [2020-06-08T16:27:40.747854 #72346]  INFO -- : Registered expected interaction GET /balance/1
D, [2020-06-08T16:27:40.748158 #72346] DEBUG -- : {
  "description": "a request for account",
  "providerState": "one client with your account",
  "request": {
    "method": "GET",
    "path": "/balance/1"
  },
  "response": {
    "status": 200,
    "headers": {
      "Content-Type": "application/json; charset=utf-8"
    },
    "body": {
      "clientID": 1,
      "accountID": 10,
      "balance": 100
    }
  },
  "metadata": null
}
I, [2020-06-08T16:27:40.750413 #72346]  INFO -- : Received request GET /balance/1
D, [2020-06-08T16:27:40.750535 #72346] DEBUG -- : {
  "path": "/balance/1",
  "query": "",
  "method": "get",
  "headers": {
    "Accept": "application/json, text/plain, */*",
    "User-Agent": "axios/0.19.2",
    "Host": "127.0.0.1:1234",
    "Connection": "close",
    "Version": "HTTP/1.1"
  }
}
I, [2020-06-08T16:27:40.750789 #72346]  INFO -- : Found matching response for GET /balance/1
D, [2020-06-08T16:27:40.750876 #72346] DEBUG -- : {
  "status": 200,
  "headers": {
    "Content-Type": "application/json; charset=utf-8"
  },
  "body": {
    "clientID": 1,
    "accountID": 10,
    "balance": 100
  }
}
I, [2020-06-08T16:27:40.756292 #72346]  INFO -- : Verifying - interactions matched
I, [2020-06-08T16:27:40.761010 #72346]  INFO -- : Cleared interactions
I, [2020-06-08T16:27:40.765737 #72346]  INFO -- : Writing pact for AccountApi to /home/iann/dev/pact-node/client-api/pacts/clientapi-accountapi.json
